# JRE version: Java(TM) SE Runtime Environment (21.0.7+8) (build 21.0.7+8-LTS-245)
# Java VM: Java HotSpot(TM) 64-Bit Server VM (21.0.7+8-LTS-245, mixed mode, sharing, tiered, compressed oops, compressed class ptrs, g1 gc, windows-amd64)
GC Precious Log:
 CardTable entry size: 512
 Card Set container configuration: InlinePtr #cards 5 size 8 Array Of Cards #cards 12 size 40 Howl #buckets 4 coarsen threshold 1843 Howl Bitmap #cards 512 size 80 coarsen threshold 460 Card regions per heap region 1 cards per card region 2048
 CPUs: 4 total, 4 available
 Memory: 8174M
 Large Page Support: Disabled
 NUMA Support: Disabled
 Compressed Oops: Enabled (32-bit)
 Heap Region Size: 1M
 Heap Min Capacity: 8M
 Heap Initial Capacity: 128M
 Heap Max Capacity: 2044M
 Pre-touch: Disabled
 Parallel Workers: 4
 Concurrent Workers: 1
 Concurrent Refinement Workers: 4
 Periodic GC: Disabled
Heap:
 garbage-first heap   total 55296K, used 28376K [0x0000000080400000, 0x0000000100000000)
  region size 1024K, 6 young (6144K), 3 survivors (3072K)
 Metaspace       used 59857K, committed 60480K, reserved 1114112K
  class space    used 8045K, committed 8320K, reserved 1048576K
GC Heap History (20 events):
Event: 1.065 GC heap before
{Heap before GC invocations=1 (full 0):
 garbage-first heap   total 131072K, used 19583K [0x0000000080400000, 0x0000000100000000)
  region size 1024K, 15 young (15360K), 2 survivors (2048K)
 Metaspace       used 7166K, committed 7488K, reserved 1114112K
  class space    used 859K, committed 1024K, reserved 1048576K
}
Event: 1.070 GC heap after
{Heap after GC invocations=2 (full 0):
 garbage-first heap   total 131072K, used 8809K [0x0000000080400000, 0x0000000100000000)
  region size 1024K, 2 young (2048K), 2 survivors (2048K)
 Metaspace       used 7166K, committed 7488K, reserved 1114112K
  class space    used 859K, committed 1024K, reserved 1048576K
}
Event: 1.767 GC heap before
{Heap before GC invocations=2 (full 0):
 garbage-first heap   total 131072K, used 41577K [0x0000000080400000, 0x0000000100000000)
  region size 1024K, 35 young (35840K), 2 survivors (2048K)
 Metaspace       used 16533K, committed 16896K, reserved 1114112K
  class space    used 2025K, committed 2176K, reserved 1048576K
}
Event: 1.773 GC heap after
{Heap after GC invocations=3 (full 0):
 garbage-first heap   total 131072K, used 11622K [0x0000000080400000, 0x0000000100000000)
  region size 1024K, 5 young (5120K), 5 survivors (5120K)
 Metaspace       used 16533K, committed 16896K, reserved 1114112K
  class space    used 2025K, committed 2176K, reserved 1048576K
}
Event: 2.566 GC heap before
{Heap before GC invocations=3 (full 0):
 garbage-first heap   total 131072K, used 42342K [0x0000000080400000, 0x0000000100000000)
  region size 1024K, 37 young (37888K), 5 survivors (5120K)
 Metaspace       used 21107K, committed 21504K, reserved 1114112K
  class space    used 2560K, committed 2752K, reserved 1048576K
}
Event: 2.575 GC heap after
{Heap after GC invocations=4 (full 0):
 garbage-first heap   total 131072K, used 14631K [0x0000000080400000, 0x0000000100000000)
  region size 1024K, 7 young (7168K), 7 survivors (7168K)
 Metaspace       used 21107K, committed 21504K, reserved 1114112K
  class space    used 2560K, committed 2752K, reserved 1048576K
}
Event: 3.452 GC heap before
{Heap before GC invocations=5 (full 0):
 garbage-first heap   total 55296K, used 40231K [0x0000000080400000, 0x0000000100000000)
  region size 1024K, 32 young (32768K), 7 survivors (7168K)
 Metaspace       used 25558K, committed 26048K, reserved 1114112K
  class space    used 3195K, committed 3456K, reserved 1048576K
}
Event: 3.469 GC heap after
{Heap after GC invocations=6 (full 0):
 garbage-first heap   total 55296K, used 17678K [0x0000000080400000, 0x0000000100000000)
  region size 1024K, 3 young (3072K), 3 survivors (3072K)
 Metaspace       used 25558K, committed 26048K, reserved 1114112K
  class space    used 3195K, committed 3456K, reserved 1048576K
}
Event: 4.307 GC heap before
{Heap before GC invocations=6 (full 0):
 garbage-first heap   total 55296K, used 43278K [0x0000000080400000, 0x0000000100000000)
  region size 1024K, 28 young (28672K), 3 survivors (3072K)
 Metaspace       used 31169K, committed 31680K, reserved 1114112K
  class space    used 3915K, committed 4160K, reserved 1048576K
}
Event: 4.312 GC heap after
{Heap after GC invocations=7 (full 0):
 garbage-first heap   total 55296K, used 20125K [0x0000000080400000, 0x0000000100000000)
  region size 1024K, 3 young (3072K), 3 survivors (3072K)
 Metaspace       used 31169K, committed 31680K, reserved 1114112K
  class space    used 3915K, committed 4160K, reserved 1048576K
}
Event: 4.596 GC heap before
{Heap before GC invocations=7 (full 0):
 garbage-first heap   total 55296K, used 30365K [0x0000000080400000, 0x0000000100000000)
  region size 1024K, 15 young (15360K), 3 survivors (3072K)
 Metaspace       used 35475K, committed 35968K, reserved 1114112K
  class space    used 4380K, committed 4608K, reserved 1048576K
}
Event: 4.601 GC heap after
{Heap after GC invocations=8 (full 0):
 garbage-first heap   total 55296K, used 21784K [0x0000000080400000, 0x0000000100000000)
  region size 1024K, 2 young (2048K), 2 survivors (2048K)
 Metaspace       used 35475K, committed 35968K, reserved 1114112K
  class space    used 4380K, committed 4608K, reserved 1048576K
}
Event: 5.373 GC heap before
{Heap before GC invocations=9 (full 0):
 garbage-first heap   total 55296K, used 44312K [0x0000000080400000, 0x0000000100000000)
  region size 1024K, 25 young (25600K), 2 survivors (2048K)
 Metaspace       used 41716K, committed 42240K, reserved 1114112K
  class space    used 5357K, committed 5568K, reserved 1048576K
}
Event: 5.375 GC heap after
{Heap after GC invocations=10 (full 0):
 garbage-first heap   total 55296K, used 22607K [0x0000000080400000, 0x0000000100000000)
  region size 1024K, 3 young (3072K), 3 survivors (3072K)
 Metaspace       used 41716K, committed 42240K, reserved 1114112K
  class space    used 5357K, committed 5568K, reserved 1048576K
}
Event: 5.985 GC heap before
{Heap before GC invocations=10 (full 0):
 garbage-first heap   total 55296K, used 45135K [0x0000000080400000, 0x0000000100000000)
  region size 1024K, 26 young (26624K), 3 survivors (3072K)
 Metaspace       used 48200K, committed 48832K, reserved 1114112K
  class space    used 6235K, committed 6528K, reserved 1048576K
}
Event: 5.990 GC heap after
{Heap after GC invocations=11 (full 0):
 garbage-first heap   total 55296K, used 23262K [0x0000000080400000, 0x0000000100000000)
  region size 1024K, 3 young (3072K), 3 survivors (3072K)
 Metaspace       used 48200K, committed 48832K, reserved 1114112K
  class space    used 6235K, committed 6528K, reserved 1048576K
}
Event: 6.546 GC heap before
{Heap before GC invocations=11 (full 0):
 garbage-first heap   total 55296K, used 46814K [0x0000000080400000, 0x0000000100000000)
  region size 1024K, 26 young (26624K), 3 survivors (3072K)
 Metaspace       used 56064K, committed 56704K, reserved 1114112K
  class space    used 7492K, committed 7808K, reserved 1048576K
}
Event: 6.550 GC heap after
{Heap after GC invocations=12 (full 0):
 garbage-first heap   total 55296K, used 24549K [0x0000000080400000, 0x0000000100000000)
  region size 1024K, 3 young (3072K), 3 survivors (3072K)
 Metaspace       used 56064K, committed 56704K, reserved 1114112K
  class space    used 7492K, committed 7808K, reserved 1048576K
}
Event: 7.182 GC heap before
{Heap before GC invocations=12 (full 0):
 garbage-first heap   total 55296K, used 42981K [0x0000000080400000, 0x0000000100000000)
  region size 1024K, 22 young (22528K), 3 survivors (3072K)
 Metaspace       used 59487K, committed 60160K, reserved 1114112K
  class space    used 7983K, committed 8320K, reserved 1048576K
}
Event: 7.187 GC heap after
{Heap after GC invocations=13 (full 0):
 garbage-first heap   total 55296K, used 26328K [0x0000000080400000, 0x0000000100000000)
  region size 1024K, 3 young (3072K), 3 survivors (3072K)
 Metaspace       used 59487K, committed 60160K, reserved 1114112K
  class space    used 7983K, committed 8320K, reserved 1048576K
}

